1540456516264	mozrunner::runner	INFO	Running command: "C:\\Program Files\\Mozilla Firefox\\firefox.exe" "-marionette" "-foreground" "-no-remote" "-profile" "C:\\Users\\asingh\\AppData\\Local\\Temp\\rust_mozprofile.DM9SAMZlooJw"
Unable to read VR Path Registry from C:\Users\asingh\AppData\Local\openvr\openvrpaths.vrpath
Unable to read VR Path Registry from C:\Users\asingh\AppData\Local\openvr\openvrpaths.vrpath
Unable to read VR Path Registry from C:\Users\asingh\AppData\Local\openvr\openvrpaths.vrpath
Unable to read VR Path Registry from C:\Users\asingh\AppData\Local\openvr\openvrpaths.vrpath
[Parent 14768, Gecko_IOThread] WARNING: pipe error: 109: file z:/build/build/src/ipc/chromium/src/chrome/common/ipc_channel_win.cc, line 346

###!!! [Parent][RunMessage] Error: Channel error: cannot send/recv


###!!! [Parent][RunMessage] Error: Channel error: cannot send/recv


###!!! [Parent][RunMessage] Error: Channel error: cannot send/recv


###!!! [Parent][RunMessage] Error: Channel error: cannot send/recv


###!!! [Parent][RunMessage] Error: Channel error: cannot send/recv


###!!! [Parent][RunMessage] Error: Channel error: cannot send/recv


###!!! [Parent][RunMessage] Error: Channel error: cannot send/recv


###!!! [Parent][RunMessage] Error: Channel error: cannot send/recv


###!!! [Parent][RunMessage] Error: Channel error: cannot send/recv


###!!! [Parent][RunMessage] Error: Channel error: cannot send/recv


###!!! [Parent][RunMessage] Error: Channel error: cannot send/recv


###!!! [Parent][RunMessage] Error: Channel error: cannot send/recv

A content process crashed and MOZ_CRASHREPORTER_SHUTDOWN is set, shutting down
[Parent 14768, Gecko_IOThread] WARNING: file z:/build/build/src/ipc/chromium/src/base/process_util_win.cc, line 188
[Parent 14768, Gecko_IOThread] WARNING: pipe error: 109: file z:/build/build/src/ipc/chromium/src/chrome/common/ipc_channel_win.cc, line 346
[Child 15848, Chrome_ChildThread] WARNING: pipe error: 109: file z:/build/build/src/ipc/chromium/src/chrome/common/ipc_channel_win.cc, line 346
[Child1540457109880	mozrunner::runner	INFO	Running command: "C:\\Program Files\\Mozilla Firefox\\firefox.exe" "-marionette" "-foreground" "-no-remote" "-profile" "C:\\Users\\asingh\\AppData\\Local\\Temp\\rust_mozprofile.8tpE1D1Cemy2"
1540457154981	mozrunner::runner	INFO	Running command: "C:\\Program Files\\Mozilla Firefox\\firefox.exe" "-marionette" "-foreground" "-no-remote" "-profile" "C:\\Users\\asingh\\AppData\\Local\\Temp\\rust_mozprofile.Ztr9JhXHOwpQ"
[GFX1-]: Failed to connect GPU process
[GFX1-]: [D3D11] failed to get compositor device.
[GFX1-]: [D3D11] Failed to init compositor with reason: FEATURE_FAILURE_D3D11_NO_DEVICE
[GFX1-]: [D3D11] failed to get compositor device.
[GFX1-]: [D3D11] Failed to init compositor with reason: FEATURE_FAILURE_D3D11_NO_DEVICE
[GFX1-]: Could not get a DXGI adapter
1540457173530	Marionette	INFO	Listening on port 60130
1540457175656	Marionette	WARN	TLS certificate errors will be ignored for this session
[GFX1-]: Could not get a DXGI adapter
[GFX1-]: Could not get a DXGI adapter
1540457180466	Marionette	DEBUG	[6442450945] Frame script loaded
1540457180515	Marionette	DEBUG	[6442450945] Frame script registered
[Parent 16660, Gecko_IOThread] WARNING: pipe error: 109: file z:/build/build/src/ipc/chromium/src/chrome/common/ipc_channel_win.cc, line 346
[Child 12356, Chrome_ChildThread] WARNING: pipe error: 109: file z:/build/build/src/ip[GFX1-]: Failed to connect GPU process
[GFX1-]: [D3D11] failed to get compos[GFX1-]: Could not get a DXGI adapter
[Parent 16660, Gecko_IOThread] WARNING: pipe error: 109: file z:/build/build/src/ipc/chromium/src/chrome/common/ipc_channel_win.cc, line 346
[Parent 16660, Gecko_IOThread] WARNING: pipe error: 109: file z:/build/build/src/ipc/chromium/src/chrome/common/ipc_channel_win.cc, line 346
[Parent 16660, Gecko_IOThread] WARNING: file z:/build/build/src/ipc/chromium/src/base/process_util_win.cc, line 188
1540457404901	Marionette	INFO	Stopped listening on port 60130
1540457410676	mozrunner::runner	INFO	Running command: "C:\\Program Files\\Mozilla Firefox\\firefox.exe" "-marionette" "-foreground" "-no-remote" "-profile" "C:\\Users\\asingh\\AppData\\Local\\Temp\\rust_mozprofile.RSkQo5ySTvCj"
1540457420431	Marionette	INFO	Listening on port 60604
1540457420583	Marionette	WARN	TLS certificate errors will be ignored for this session
1540457420664	Marionette	DEBUG	[6442450945] Frame script loaded
1540457420668	Marionette	DEBUG	[6442450945] Frame script registered
[Parent 18028, Gecko_IOThread] WARNING: pipe error: 109: file z:/build/build/src/ipc/chromium/src/chrome/common/ipc_channel_win.cc, line 346
[Parent 18028, Gecko_IOThread] WARNING: pipe error: 109: file z:/build/build/src/ipc/chromium/src/chrome/common/ipc_channel_win.cc, line 346
[Child 5092, Chrome_ChildThread] WARNING: pipe error: 109: file z:/build/build/src/ipc/chromiu[mChild 14932, Chrome_ChildThread] WARNING: pipe error: 109: file z:/build/build/src/ipc/chromium/src/chrome/common/ipc_channel_win.cc, line 346
[Child 14932, Chrome_ChildThread] WARNING: pipe error: 109: file z:/build/build/src/ipc/chromium/src/chrome/common/ipc_channel_win.cc, line 346
/src/chrome/common/ipc_channel_win.cc, line 346
[Child 5092, Chrome_ChildThread] WARNING: pipe error: 109: file z:/build/build/src/ipc/chromium/src/chrome/common/ipc_channel_win.cc, line 346
[Parent 18028, Gecko_IOThread] WARNING: pipe error: 109: file z:/build/build/src/ipc/chromium/src/chrome/common/ipc_channel_win.cc, line 346
[Child 11652, Chrome_ChildThread] WARNING: pipe error: 109: file z:/build/build/src/ipc/chromium/src/chrome/common/ipc_channel_win.cc, line 346
[Child1540457790526	Marionette	INFO	Stopped listening on port 60604

###!!! [Child][MessageChannel::SendAndWait] Error: Channel error: cannot send/recv

